<?xml version="1.0" encoding="UTF-8"?>
<!-- Generated by org.testng.reporters.JUnitReportReporter -->
<testsuite hostname="DESKTOP-2HIC25B" failures="0" tests="1" name="tests.HotelLoginTest" time="9.508" errors="0" timestamp="12 Apr 2021 23:32:10 GMT" skipped="0">
  <testcase classname="tests.HotelLoginTest" name="loginToHotelTest" time="9.508"/>
</testsuite> <!-- tests.HotelLoginTest -->
