<?xml version="1.0" encoding="UTF-8"?>
<!-- Generated by org.testng.reporters.JUnitReportReporter -->
<testsuite hostname="DESKTOP-2HIC25B" failures="0" tests="2" name="testNG.TestNGDependentConcept" time="0.005" errors="0" timestamp="11 Apr 2021 17:09:18 GMT" skipped="0">
  <testcase classname="testNG.TestNGDependentConcept" name="testLogin" time="0.004"/>
  <testcase classname="testNG.TestNGDependentConcept" name="testLogOut" time="0.001"/>
</testsuite> <!-- testNG.TestNGDependentConcept -->
