<?xml version="1.0" encoding="UTF-8"?>
<!-- Generated by org.testng.reporters.JUnitReportReporter -->
<testsuite hostname="DESKTOP-2HIC25B" failures="0" tests="3" name="testNG.TestNGDataProviderConcept" time="0.007" errors="0" timestamp="12 Apr 2021 21:07:52 GMT" skipped="0">
  <testcase classname="testNG.TestNGDataProviderConcept" name="test" time="0.001"/>
  <testcase classname="testNG.TestNGDataProviderConcept" name="test" time="0.005"/>
  <testcase classname="testNG.TestNGDataProviderConcept" name="test" time="0.001"/>
</testsuite> <!-- testNG.TestNGDataProviderConcept -->
