<?xml version="1.0" encoding="UTF-8"?>
<!-- Generated by org.testng.reporters.JUnitReportReporter -->
<testsuite hostname="DESKTOP-2HIC25B" failures="0" tests="1" name="testNG.TestNGgroups" time="0.008" errors="0" timestamp="11 Apr 2021 18:35:27 GMT" skipped="0">
  <testcase classname="testNG.TestNGgroups" name="testFour" time="0.008"/>
</testsuite> <!-- testNG.TestNGgroups -->
