<?xml version="1.0" encoding="UTF-8"?>
<!-- Generated by org.testng.reporters.JUnitReportReporter -->
<testsuite hostname="DESKTOP-2HIC25B" failures="0" tests="1" name="testNG.TestNGparameters" time="0.007" errors="0" timestamp="12 Apr 2021 17:57:22 GMT" skipped="0">
  <testcase classname="testNG.TestNGparameters" name="test" time="0.007"/>
</testsuite> <!-- testNG.TestNGparameters -->
