<?xml version="1.0" encoding="UTF-8"?>
<!-- Generated by org.testng.reporters.JUnitReportReporter -->
<testsuite hostname="DESKTOP-2HIC25B" failures="0" tests="2" name="testNG.ParallelExecution" time="13.357" errors="0" timestamp="13 Apr 2021 00:35:25 GMT" skipped="0">
  <testcase classname="testNG.ParallelExecution" name="chromeBrowser" time="5.851"/>
  <testcase classname="testNG.ParallelExecution" name="firefoxBrowser" time="7.506"/>
</testsuite> <!-- testNG.ParallelExecution -->
