<?xml version="1.0" encoding="UTF-8"?>
<!-- Generated by org.testng.reporters.JUnitReportReporter -->
<testsuite hostname="DESKTOP-2HIC25B" failures="0" tests="4" name="testNG.TestNGAnnotations" time="0.006" errors="0" timestamp="11 Apr 2021 16:47:43 GMT" skipped="0">
  <testcase classname="testNG.TestNGAnnotations" name="d" time="0.004"/>
  <testcase classname="testNG.TestNGAnnotations" name="a" time="0.001"/>
  <testcase classname="testNG.TestNGAnnotations" name="b" time="0.000"/>
  <testcase classname="testNG.TestNGAnnotations" name="c" time="0.001"/>
</testsuite> <!-- testNG.TestNGAnnotations -->
